mode: set
github.com/JuiMin/HALP/servers/gateway/models/sessions/memstore.go:18.88,22.2 1 1
github.com/JuiMin/HALP/servers/gateway/models/sessions/memstore.go:27.66,29.16 2 1
github.com/JuiMin/HALP/servers/gateway/models/sessions/memstore.go:32.2,33.12 2 1
github.com/JuiMin/HALP/servers/gateway/models/sessions/memstore.go:29.16,31.3 1 1
github.com/JuiMin/HALP/servers/gateway/models/sessions/memstore.go:38.65,40.12 2 1
github.com/JuiMin/HALP/servers/gateway/models/sessions/memstore.go:44.2,45.42 2 1
github.com/JuiMin/HALP/servers/gateway/models/sessions/memstore.go:40.12,42.3 1 1
github.com/JuiMin/HALP/servers/gateway/models/sessions/memstore.go:49.49,52.2 2 1
github.com/JuiMin/HALP/servers/gateway/models/sessions/redisstore.go:21.85,28.2 2 1
github.com/JuiMin/HALP/servers/gateway/models/sessions/redisstore.go:33.74,35.16 2 0
github.com/JuiMin/HALP/servers/gateway/models/sessions/redisstore.go:39.2,40.17 2 0
github.com/JuiMin/HALP/servers/gateway/models/sessions/redisstore.go:44.2,44.12 1 0
github.com/JuiMin/HALP/servers/gateway/models/sessions/redisstore.go:35.16,37.3 1 0
github.com/JuiMin/HALP/servers/gateway/models/sessions/redisstore.go:40.17,42.3 1 0
github.com/JuiMin/HALP/servers/gateway/models/sessions/redisstore.go:48.73,50.16 2 0
github.com/JuiMin/HALP/servers/gateway/models/sessions/redisstore.go:54.2,55.24 2 0
github.com/JuiMin/HALP/servers/gateway/models/sessions/redisstore.go:59.2,59.12 1 0
github.com/JuiMin/HALP/servers/gateway/models/sessions/redisstore.go:50.16,52.3 1 0
github.com/JuiMin/HALP/servers/gateway/models/sessions/redisstore.go:55.24,57.3 1 0
github.com/JuiMin/HALP/servers/gateway/models/sessions/redisstore.go:63.81,66.16 2 0
github.com/JuiMin/HALP/servers/gateway/models/sessions/redisstore.go:69.2,69.12 1 0
github.com/JuiMin/HALP/servers/gateway/models/sessions/redisstore.go:66.16,68.3 1 0
github.com/JuiMin/HALP/servers/gateway/models/sessions/redisstore.go:75.75,80.16 2 1
github.com/JuiMin/HALP/servers/gateway/models/sessions/redisstore.go:84.2,85.19 2 1
github.com/JuiMin/HALP/servers/gateway/models/sessions/redisstore.go:89.2,89.12 1 1
github.com/JuiMin/HALP/servers/gateway/models/sessions/redisstore.go:80.16,82.3 1 1
github.com/JuiMin/HALP/servers/gateway/models/sessions/redisstore.go:85.19,87.3 1 0
github.com/JuiMin/HALP/servers/gateway/models/sessions/redisstore.go:94.74,101.16 2 1
github.com/JuiMin/HALP/servers/gateway/models/sessions/redisstore.go:106.2,109.24 3 1
github.com/JuiMin/HALP/servers/gateway/models/sessions/redisstore.go:114.2,114.12 1 1
github.com/JuiMin/HALP/servers/gateway/models/sessions/redisstore.go:101.16,103.3 1 1
github.com/JuiMin/HALP/servers/gateway/models/sessions/redisstore.go:109.24,111.3 1 0
github.com/JuiMin/HALP/servers/gateway/models/sessions/redisstore.go:118.51,121.16 2 1
github.com/JuiMin/HALP/servers/gateway/models/sessions/redisstore.go:124.2,124.12 1 1
github.com/JuiMin/HALP/servers/gateway/models/sessions/redisstore.go:121.16,123.3 1 0
github.com/JuiMin/HALP/servers/gateway/models/sessions/redisstore.go:128.43,133.2 1 1
github.com/JuiMin/HALP/servers/gateway/models/sessions/session.go:22.119,25.16 2 1
github.com/JuiMin/HALP/servers/gateway/models/sessions/session.go:29.2,30.16 2 1
github.com/JuiMin/HALP/servers/gateway/models/sessions/session.go:34.2,36.16 2 1
github.com/JuiMin/HALP/servers/gateway/models/sessions/session.go:25.16,27.3 1 1
github.com/JuiMin/HALP/servers/gateway/models/sessions/session.go:30.16,32.3 1 0
github.com/JuiMin/HALP/servers/gateway/models/sessions/session.go:40.74,45.29 2 1
github.com/JuiMin/HALP/servers/gateway/models/sessions/session.go:51.2,51.29 1 1
github.com/JuiMin/HALP/servers/gateway/models/sessions/session.go:55.2,57.20 2 1
github.com/JuiMin/HALP/servers/gateway/models/sessions/session.go:61.2,61.95 1 1
github.com/JuiMin/HALP/servers/gateway/models/sessions/session.go:64.2,65.16 2 1
github.com/JuiMin/HALP/servers/gateway/models/sessions/session.go:68.2,68.16 1 1
github.com/JuiMin/HALP/servers/gateway/models/sessions/session.go:45.29,48.3 1 1
github.com/JuiMin/HALP/servers/gateway/models/sessions/session.go:51.29,53.3 1 1
github.com/JuiMin/HALP/servers/gateway/models/sessions/session.go:57.20,59.3 1 1
github.com/JuiMin/HALP/servers/gateway/models/sessions/session.go:61.95,63.3 1 1
github.com/JuiMin/HALP/servers/gateway/models/sessions/session.go:65.16,67.3 1 1
github.com/JuiMin/HALP/servers/gateway/models/sessions/session.go:74.109,76.16 2 1
github.com/JuiMin/HALP/servers/gateway/models/sessions/session.go:79.2,80.16 2 1
github.com/JuiMin/HALP/servers/gateway/models/sessions/session.go:83.2,83.16 1 1
github.com/JuiMin/HALP/servers/gateway/models/sessions/session.go:76.16,78.3 1 1
github.com/JuiMin/HALP/servers/gateway/models/sessions/session.go:80.16,82.3 1 1
github.com/JuiMin/HALP/servers/gateway/models/sessions/session.go:89.85,91.16 2 1
github.com/JuiMin/HALP/servers/gateway/models/sessions/session.go:94.2,95.16 2 1
github.com/JuiMin/HALP/servers/gateway/models/sessions/session.go:98.2,98.16 1 1
github.com/JuiMin/HALP/servers/gateway/models/sessions/session.go:91.16,93.3 1 1
github.com/JuiMin/HALP/servers/gateway/models/sessions/session.go:95.16,97.3 1 0
github.com/JuiMin/HALP/servers/gateway/models/sessions/sessionid.go:39.57,43.26 1 1
github.com/JuiMin/HALP/servers/gateway/models/sessions/sessionid.go:48.2,53.16 3 1
github.com/JuiMin/HALP/servers/gateway/models/sessions/sessionid.go:58.2,65.34 4 1
github.com/JuiMin/HALP/servers/gateway/models/sessions/sessionid.go:68.2,68.67 1 1
github.com/JuiMin/HALP/servers/gateway/models/sessions/sessionid.go:43.26,45.3 1 1
github.com/JuiMin/HALP/servers/gateway/models/sessions/sessionid.go:53.16,55.3 1 0
github.com/JuiMin/HALP/servers/gateway/models/sessions/sessionid.go:65.34,67.3 1 0
github.com/JuiMin/HALP/servers/gateway/models/sessions/sessionid.go:74.66,77.42 1 1
github.com/JuiMin/HALP/servers/gateway/models/sessions/sessionid.go:82.2,88.16 3 1
github.com/JuiMin/HALP/servers/gateway/models/sessions/sessionid.go:93.2,97.74 3 1
github.com/JuiMin/HALP/servers/gateway/models/sessions/sessionid.go:101.2,101.39 1 1
github.com/JuiMin/HALP/servers/gateway/models/sessions/sessionid.go:77.42,79.3 1 0
github.com/JuiMin/HALP/servers/gateway/models/sessions/sessionid.go:88.16,90.3 1 1
github.com/JuiMin/HALP/servers/gateway/models/sessions/sessionid.go:97.74,99.3 1 1
github.com/JuiMin/HALP/servers/gateway/models/sessions/sessionid.go:105.38,107.2 1 1
